0 info it worked if it ends with ok
1 verbose cli [ 'C:\\Program Files\\nodejs\\node.exe',
1 verbose cli   'C:\\Program Files\\nodejs\\node_modules\\npm\\bin\\npm-cli.js',
1 verbose cli   'install',
1 verbose cli   '--save',
1 verbose cli   'node-',
1 verbose cli   'spotify-',
1 verbose cli   'api' ]
2 info using npm@3.10.10
3 info using node@v6.11.1
4 silly loadCurrentTree Starting
5 silly install loadCurrentTree
6 silly install readLocalPackageData
7 silly fetchPackageMetaData node-
8 silly fetchPackageMetaData spotify-
9 silly fetchPackageMetaData api
10 silly fetchNamedPackageData node-
11 silly mapToRegistry name node-
12 silly mapToRegistry using default registry
13 silly mapToRegistry registry https://registry.npmjs.org/
14 silly mapToRegistry data Result {
14 silly mapToRegistry   raw: 'node-',
14 silly mapToRegistry   scope: null,
14 silly mapToRegistry   escapedName: 'node-',
14 silly mapToRegistry   name: 'node-',
14 silly mapToRegistry   rawSpec: '',
14 silly mapToRegistry   spec: 'latest',
14 silly mapToRegistry   type: 'tag' }
15 silly mapToRegistry uri https://registry.npmjs.org/node-
16 silly fetchNamedPackageData spotify-
17 silly mapToRegistry name spotify-
18 silly mapToRegistry using default registry
19 silly mapToRegistry registry https://registry.npmjs.org/
20 silly mapToRegistry data Result {
20 silly mapToRegistry   raw: 'spotify-',
20 silly mapToRegistry   scope: null,
20 silly mapToRegistry   escapedName: 'spotify-',
20 silly mapToRegistry   name: 'spotify-',
20 silly mapToRegistry   rawSpec: '',
20 silly mapToRegistry   spec: 'latest',
20 silly mapToRegistry   type: 'tag' }
21 silly mapToRegistry uri https://registry.npmjs.org/spotify-
22 silly fetchNamedPackageData api
23 silly mapToRegistry name api
24 silly mapToRegistry using default registry
25 silly mapToRegistry registry https://registry.npmjs.org/
26 silly mapToRegistry data Result {
26 silly mapToRegistry   raw: 'api',
26 silly mapToRegistry   scope: null,
26 silly mapToRegistry   escapedName: 'api',
26 silly mapToRegistry   name: 'api',
26 silly mapToRegistry   rawSpec: '',
26 silly mapToRegistry   spec: 'latest',
26 silly mapToRegistry   type: 'tag' }
27 silly mapToRegistry uri https://registry.npmjs.org/api
28 verbose request uri https://registry.npmjs.org/node-
29 verbose request no auth needed
30 info attempt registry request try #1 at 12:48:08 PM
31 verbose request id 653d6892fa7fd629
32 http request GET https://registry.npmjs.org/node-
33 verbose request uri https://registry.npmjs.org/spotify-
34 verbose request no auth needed
35 info attempt registry request try #1 at 12:48:08 PM
36 http request GET https://registry.npmjs.org/spotify-
37 verbose request uri https://registry.npmjs.org/api
38 verbose request no auth needed
39 info attempt registry request try #1 at 12:48:08 PM
40 http request GET https://registry.npmjs.org/api
41 http 200 https://registry.npmjs.org/api
42 verbose headers { server: 'nginx/1.10.1',
42 verbose headers   'content-type': 'application/json',
42 verbose headers   'last-modified': 'Tue, 03 Oct 2017 11:56:51 GMT',
42 verbose headers   etag: 'W/"59d37b03-14c61"',
42 verbose headers   'content-encoding': 'gzip',
42 verbose headers   'cache-control': 'max-age=300',
42 verbose headers   'content-length': '11153',
42 verbose headers   'accept-ranges': 'bytes',
42 verbose headers   date: 'Sat, 25 Nov 2017 17:47:28 GMT',
42 verbose headers   via: '1.1 varnish',
42 verbose headers   age: '0',
42 verbose headers   connection: 'keep-alive',
42 verbose headers   'x-served-by': 'cache-jfk8133-JFK',
42 verbose headers   'x-cache': 'MISS',
42 verbose headers   'x-cache-hits': '0',
42 verbose headers   'x-timer': 'S1511632048.946540,VS0,VE65',
42 verbose headers   vary: 'Accept-Encoding, Accept' }
43 silly get cb [ 200,
43 silly get   { server: 'nginx/1.10.1',
43 silly get     'content-type': 'application/json',
43 silly get     'last-modified': 'Tue, 03 Oct 2017 11:56:51 GMT',
43 silly get     etag: 'W/"59d37b03-14c61"',
43 silly get     'content-encoding': 'gzip',
43 silly get     'cache-control': 'max-age=300',
43 silly get     'content-length': '11153',
43 silly get     'accept-ranges': 'bytes',
43 silly get     date: 'Sat, 25 Nov 2017 17:47:28 GMT',
43 silly get     via: '1.1 varnish',
43 silly get     age: '0',
43 silly get     connection: 'keep-alive',
43 silly get     'x-served-by': 'cache-jfk8133-JFK',
43 silly get     'x-cache': 'MISS',
43 silly get     'x-cache-hits': '0',
43 silly get     'x-timer': 'S1511632048.946540,VS0,VE65',
43 silly get     vary: 'Accept-Encoding, Accept' } ]
44 verbose get saving api to C:\Users\Bobby\AppData\Roaming\npm-cache\registry.npmjs.org\api\.cache.json
45 verbose correctMkdir C:\Users\Bobby\AppData\Roaming\npm-cache correctMkdir not in flight; initializing
46 http 404 https://registry.npmjs.org/spotify-
47 verbose headers { 'content-type': 'application/json',
47 verbose headers   'cache-control': 'max-age=0',
47 verbose headers   'content-length': '2',
47 verbose headers   'accept-ranges': 'bytes',
47 verbose headers   date: 'Sat, 25 Nov 2017 17:47:28 GMT',
47 verbose headers   via: '1.1 varnish',
47 verbose headers   age: '0',
47 verbose headers   connection: 'keep-alive',
47 verbose headers   'x-served-by': 'cache-jfk8130-JFK',
47 verbose headers   'x-cache': 'MISS',
47 verbose headers   'x-cache-hits': '0',
47 verbose headers   'x-timer': 'S1511632048.939268,VS0,VE350',
47 verbose headers   vary: 'Accept-Encoding' }
48 silly get cb [ 404,
48 silly get   { 'content-type': 'application/json',
48 silly get     'cache-control': 'max-age=0',
48 silly get     'content-length': '2',
48 silly get     'accept-ranges': 'bytes',
48 silly get     date: 'Sat, 25 Nov 2017 17:47:28 GMT',
48 silly get     via: '1.1 varnish',
48 silly get     age: '0',
48 silly get     connection: 'keep-alive',
48 silly get     'x-served-by': 'cache-jfk8130-JFK',
48 silly get     'x-cache': 'MISS',
48 silly get     'x-cache-hits': '0',
48 silly get     'x-timer': 'S1511632048.939268,VS0,VE350',
48 silly get     vary: 'Accept-Encoding' } ]
49 silly fetchPackageMetaData Error: Registry returned 404 for GET on https://registry.npmjs.org/spotify-
49 silly fetchPackageMetaData     at makeError (C:\Program Files\nodejs\node_modules\npm\node_modules\npm-registry-client\lib\request.js:302:12)
49 silly fetchPackageMetaData     at CachingRegistryClient.<anonymous> (C:\Program Files\nodejs\node_modules\npm\node_modules\npm-registry-client\lib\request.js:280:14)
49 silly fetchPackageMetaData     at Request._callback (C:\Program Files\nodejs\node_modules\npm\node_modules\npm-registry-client\lib\request.js:210:14)
49 silly fetchPackageMetaData     at Request.self.callback (C:\Program Files\nodejs\node_modules\npm\node_modules\request\request.js:187:22)
49 silly fetchPackageMetaData     at emitTwo (events.js:106:13)
49 silly fetchPackageMetaData     at Request.emit (events.js:191:7)
49 silly fetchPackageMetaData     at Request.<anonymous> (C:\Program Files\nodejs\node_modules\npm\node_modules\request\request.js:1048:10)
49 silly fetchPackageMetaData     at emitOne (events.js:96:13)
49 silly fetchPackageMetaData     at Request.emit (events.js:188:7)
49 silly fetchPackageMetaData     at IncomingMessage.<anonymous> (C:\Program Files\nodejs\node_modules\npm\node_modules\request\request.js:969:12)
49 silly fetchPackageMetaData  error for spotify- { Error: Registry returned 404 for GET on https://registry.npmjs.org/spotify-
49 silly fetchPackageMetaData     at makeError (C:\Program Files\nodejs\node_modules\npm\node_modules\npm-registry-client\lib\request.js:302:12)
49 silly fetchPackageMetaData     at CachingRegistryClient.<anonymous> (C:\Program Files\nodejs\node_modules\npm\node_modules\npm-registry-client\lib\request.js:280:14)
49 silly fetchPackageMetaData     at Request._callback (C:\Program Files\nodejs\node_modules\npm\node_modules\npm-registry-client\lib\request.js:210:14)
49 silly fetchPackageMetaData     at Request.self.callback (C:\Program Files\nodejs\node_modules\npm\node_modules\request\request.js:187:22)
49 silly fetchPackageMetaData     at emitTwo (events.js:106:13)
49 silly fetchPackageMetaData     at Request.emit (events.js:191:7)
49 silly fetchPackageMetaData     at Request.<anonymous> (C:\Program Files\nodejs\node_modules\npm\node_modules\request\request.js:1048:10)
49 silly fetchPackageMetaData     at emitOne (events.js:96:13)
49 silly fetchPackageMetaData     at Request.emit (events.js:188:7)
49 silly fetchPackageMetaData     at IncomingMessage.<anonymous> (C:\Program Files\nodejs\node_modules\npm\node_modules\request\request.js:969:12) pkgid: 'spotify-', statusCode: 404, code: 'E404' }
50 http 404 https://registry.npmjs.org/node-
51 verbose headers { 'content-type': 'application/json',
51 verbose headers   'cache-control': 'max-age=0',
51 verbose headers   'content-length': '2',
51 verbose headers   'accept-ranges': 'bytes',
51 verbose headers   date: 'Sat, 25 Nov 2017 17:47:28 GMT',
51 verbose headers   via: '1.1 varnish',
51 verbose headers   age: '0',
51 verbose headers   connection: 'keep-alive',
51 verbose headers   'x-served-by': 'cache-jfk8125-JFK',
51 verbose headers   'x-cache': 'MISS',
51 verbose headers   'x-cache-hits': '0',
51 verbose headers   'x-timer': 'S1511632048.938798,VS0,VE422',
51 verbose headers   vary: 'Accept-Encoding' }
52 silly get cb [ 404,
52 silly get   { 'content-type': 'application/json',
52 silly get     'cache-control': 'max-age=0',
52 silly get     'content-length': '2',
52 silly get     'accept-ranges': 'bytes',
52 silly get     date: 'Sat, 25 Nov 2017 17:47:28 GMT',
52 silly get     via: '1.1 varnish',
52 silly get     age: '0',
52 silly get     connection: 'keep-alive',
52 silly get     'x-served-by': 'cache-jfk8125-JFK',
52 silly get     'x-cache': 'MISS',
52 silly get     'x-cache-hits': '0',
52 silly get     'x-timer': 'S1511632048.938798,VS0,VE422',
52 silly get     vary: 'Accept-Encoding' } ]
53 silly fetchPackageMetaData Error: Registry returned 404 for GET on https://registry.npmjs.org/node-
53 silly fetchPackageMetaData     at makeError (C:\Program Files\nodejs\node_modules\npm\node_modules\npm-registry-client\lib\request.js:302:12)
53 silly fetchPackageMetaData     at CachingRegistryClient.<anonymous> (C:\Program Files\nodejs\node_modules\npm\node_modules\npm-registry-client\lib\request.js:280:14)
53 silly fetchPackageMetaData     at Request._callback (C:\Program Files\nodejs\node_modules\npm\node_modules\npm-registry-client\lib\request.js:210:14)
53 silly fetchPackageMetaData     at Request.self.callback (C:\Program Files\nodejs\node_modules\npm\node_modules\request\request.js:187:22)
53 silly fetchPackageMetaData     at emitTwo (events.js:106:13)
53 silly fetchPackageMetaData     at Request.emit (events.js:191:7)
53 silly fetchPackageMetaData     at Request.<anonymous> (C:\Program Files\nodejs\node_modules\npm\node_modules\request\request.js:1048:10)
53 silly fetchPackageMetaData     at emitOne (events.js:96:13)
53 silly fetchPackageMetaData     at Request.emit (events.js:188:7)
53 silly fetchPackageMetaData     at IncomingMessage.<anonymous> (C:\Program Files\nodejs\node_modules\npm\node_modules\request\request.js:969:12)
53 silly fetchPackageMetaData  error for node- { Error: Registry returned 404 for GET on https://registry.npmjs.org/node-
53 silly fetchPackageMetaData     at makeError (C:\Program Files\nodejs\node_modules\npm\node_modules\npm-registry-client\lib\request.js:302:12)
53 silly fetchPackageMetaData     at CachingRegistryClient.<anonymous> (C:\Program Files\nodejs\node_modules\npm\node_modules\npm-registry-client\lib\request.js:280:14)
53 silly fetchPackageMetaData     at Request._callback (C:\Program Files\nodejs\node_modules\npm\node_modules\npm-registry-client\lib\request.js:210:14)
53 silly fetchPackageMetaData     at Request.self.callback (C:\Program Files\nodejs\node_modules\npm\node_modules\request\request.js:187:22)
53 silly fetchPackageMetaData     at emitTwo (events.js:106:13)
53 silly fetchPackageMetaData     at Request.emit (events.js:191:7)
53 silly fetchPackageMetaData     at Request.<anonymous> (C:\Program Files\nodejs\node_modules\npm\node_modules\request\request.js:1048:10)
53 silly fetchPackageMetaData     at emitOne (events.js:96:13)
53 silly fetchPackageMetaData     at Request.emit (events.js:188:7)
53 silly fetchPackageMetaData     at IncomingMessage.<anonymous> (C:\Program Files\nodejs\node_modules\npm\node_modules\request\request.js:969:12) pkgid: 'node-', statusCode: 404, code: 'E404' }
54 silly rollbackFailedOptional Starting
55 silly rollbackFailedOptional Finishing
56 silly runTopLevelLifecycles Finishing
57 silly install printInstalled
58 verbose stack Error: Registry returned 404 for GET on https://registry.npmjs.org/spotify-
58 verbose stack     at makeError (C:\Program Files\nodejs\node_modules\npm\node_modules\npm-registry-client\lib\request.js:302:12)
58 verbose stack     at CachingRegistryClient.<anonymous> (C:\Program Files\nodejs\node_modules\npm\node_modules\npm-registry-client\lib\request.js:280:14)
58 verbose stack     at Request._callback (C:\Program Files\nodejs\node_modules\npm\node_modules\npm-registry-client\lib\request.js:210:14)
58 verbose stack     at Request.self.callback (C:\Program Files\nodejs\node_modules\npm\node_modules\request\request.js:187:22)
58 verbose stack     at emitTwo (events.js:106:13)
58 verbose stack     at Request.emit (events.js:191:7)
58 verbose stack     at Request.<anonymous> (C:\Program Files\nodejs\node_modules\npm\node_modules\request\request.js:1048:10)
58 verbose stack     at emitOne (events.js:96:13)
58 verbose stack     at Request.emit (events.js:188:7)
58 verbose stack     at IncomingMessage.<anonymous> (C:\Program Files\nodejs\node_modules\npm\node_modules\request\request.js:969:12)
59 verbose statusCode 404
60 verbose pkgid spotify-
61 verbose cwd C:\Users\Bobby\desktop\liri
62 error Windows_NT 10.0.10586
63 error argv "C:\\Program Files\\nodejs\\node.exe" "C:\\Program Files\\nodejs\\node_modules\\npm\\bin\\npm-cli.js" "install" "--save" "node-" "spotify-" "api"
64 error node v6.11.1
65 error npm  v3.10.10
66 error code E404
67 error 404 Registry returned 404 for GET on https://registry.npmjs.org/spotify-
68 error 404
69 error 404 'spotify-' is not in the npm registry.
70 error 404 You should bug the author to publish it (or use the name yourself!)
71 error 404 Note that you can also install from a
72 error 404 tarball, folder, http url, or git url.
73 verbose exit [ 1, true ]
